Unity Editor version:    2020.3.27f1 (e759542391ea)
Branch:                  2020.3/release
Build type:              Release
Batch mode:              YES
macOS version:           Version 12.2.1 (Build 21D62)
Darwin version:          21.3.0
Architecture:            x86_64
Running under Rosetta:   YES
Available memory:        32768 MB
Using pre-set license
Pro License: NO

COMMAND LINE ARGUMENTS:
/Applications/Unity/Unity.app/Contents/MacOS/Unity
-adb2
-batchMode
-noUpm
-name
AssetImportWorker0
-projectPath
/Users/macaryu/Unity/rolling_balls
-logFile
Logs/AssetImportWorker0.log
-srvPort
50341
Successfully changed project path to: /Users/macaryu/Unity/rolling_balls
/Users/macaryu/Unity/rolling_balls
Using Asset Import Pipeline V2.
Refreshing native plugins compatible for Editor in 28.04 ms, found 2 plugins.
Preloading 0 native plugins for Editor in 0.00 ms.
Initialize engine version: 2020.3.27f1 (e759542391ea)
[Subsystems] Discovering subsystems at path /Applications/Unity/Unity.app/Contents/Resources/UnitySubsystems
[Subsystems] Discovering subsystems at path /Users/macaryu/Unity/rolling_balls/Assets
GfxDevice: creating device client; threaded=0
2022-03-13 11:43:32.867 Unity[3984:49203] (null) preferred device: Apple M1 Pro (high power)
2022-03-13 11:43:32.867 Unity[3984:49203] Metal devices available: 1
2022-03-13 11:43:32.867 Unity[3984:49203] 0: Apple M1 Pro (high power)
2022-03-13 11:43:32.867 Unity[3984:49203] Using device Apple M1 Pro (high power)
Initializing Metal device caps: Apple M1 Pro
Initialize mono
Mono path[0] = '/Applications/Unity/Unity.app/Contents/Managed'
Mono path[1] = '/Applications/Unity/Unity.app/Contents/MonoBleedingEdge/lib/mono/unityjit'
Mono config path = '/Applications/Unity/Unity.app/Contents/MonoBleedingEdge/etc'
Using monoOptions --debugger-agent=transport=dt_socket,embedding=1,server=y,suspend=n,address=127.0.0.1:56984
Begin MonoManager ReloadAssembly
Registering precompiled unity dll's ...
Register platform support module: /Applications/Unity/Unity.app/Contents/PlaybackEngines/MacStandaloneSupport/UnityEditor.OSXStandalone.Extensions.dll
Registered in 0.000278 seconds.
Native extension for OSXStandalone target not found
Refreshing native plugins compatible for Editor in 29.11 ms, found 2 plugins.
Preloading 0 native plugins for Editor in 0.00 ms.
Mono: successfully reloaded assembly
- Completed reload, in  1.167 seconds
Domain Reload Profiling:
	ReloadAssembly (1167ms)
		BeginReloadAssembly (81ms)
			ExecutionOrderSort (0ms)
			DisableScriptedObjects (0ms)
			BackupInstance (0ms)
			ReleaseScriptingObjects (0ms)
			CreateAndSetChildDomain (2ms)
		EndReloadAssembly (982ms)
			LoadAssemblies (79ms)
			RebuildTransferFunctionScriptingTraits (0ms)
			SetupTypeCache (174ms)
			ReleaseScriptCaches (0ms)
			RebuildScriptCaches (41ms)
			SetupLoadedEditorAssemblies (483ms)
				LogAssemblyErrors (0ms)
				InitializePlatformSupportModulesInManaged (13ms)
				SetLoadedEditorAssemblies (0ms)
				RefreshPlugins (29ms)
				BeforeProcessingInitializeOnLoad (20ms)
				ProcessInitializeOnLoadAttributes (310ms)
				ProcessInitializeOnLoadMethodAttributes (110ms)
				AfterProcessingInitializeOnLoad (0ms)
				EditorAssembliesLoaded (1ms)
			ExecutionOrderSort2 (0ms)
			AwakeInstancesAfterBackupRestoration (0ms)
Platform modules already initialized, skipping
Registering precompiled user dll's ...
Registered in 0.001199 seconds.
Begin MonoManager ReloadAssembly
Native extension for OSXStandalone target not found
Refreshing native plugins compatible for Editor in 0.33 ms, found 2 plugins.
Preloading 0 native plugins for Editor in 0.00 ms.
Mono: successfully reloaded assembly
- Completed reload, in  1.963 seconds
Domain Reload Profiling:
	ReloadAssembly (1965ms)
		BeginReloadAssembly (252ms)
			ExecutionOrderSort (0ms)
			DisableScriptedObjects (32ms)
			BackupInstance (0ms)
			ReleaseScriptingObjects (0ms)
			CreateAndSetChildDomain (30ms)
		EndReloadAssembly (1630ms)
			LoadAssemblies (172ms)
			RebuildTransferFunctionScriptingTraits (0ms)
			SetupTypeCache (309ms)
			ReleaseScriptCaches (0ms)
			RebuildScriptCaches (48ms)
			SetupLoadedEditorAssemblies (874ms)
				LogAssemblyErrors (0ms)
				InitializePlatformSupportModulesInManaged (13ms)
				SetLoadedEditorAssemblies (1ms)
				RefreshPlugins (0ms)
				BeforeProcessingInitializeOnLoad (101ms)
				ProcessInitializeOnLoadAttributes (734ms)
				ProcessInitializeOnLoadMethodAttributes (24ms)
				AfterProcessingInitializeOnLoad (1ms)
				EditorAssembliesLoaded (0ms)
			ExecutionOrderSort2 (0ms)
			AwakeInstancesAfterBackupRestoration (27ms)
Platform modules already initialized, skipping
Validating Project structure ... 0.000083 seconds.
Shader import version has changed; will reimport all shaders...
Upgrading shader files ...0.000115 seconds.
Application.AssetDatabase Initial Script Refresh Start
RefreshInfo: InitialScriptRefreshV2(NoUpdateAssetOptions) scanfilter:  ... 1 filters
RefreshProfiler: Total: 0.000ms
Application.AssetDatabase Initial Script Refresh End
Application.AssetDatabase.Refresh Start
Application.AssetDatabase.Refresh End
RefreshInfo: StopAssetImportingV2(ForceSynchronousImport) scanfilter: 
RefreshProfiler: Total: 0.000ms
Launching external process: /Applications/Unity/Unity.app/Contents/Tools/UnityShaderCompiler
Launched and connected shader compiler UnityShaderCompiler after 0.02 seconds
Initializing Unity extensions:
2022-03-13 11:43:36.619 Unity[3984:49203] NSEventModifierFlagFunction specified to -setKeyEquivalentModifierMask: for item <NSMenuItem: 0x600001fd5b90 Font Asset, ke='Command-F12'>, but is only supported for system-provided menu items; will not be used
2022-03-13 11:43:36.622 Unity[3984:49203] NSEventModifierFlagFunction specified to -setKeyEquivalentModifierMask: for item <NSMenuItem: 0x600001fa4c40 Font Asset, ke='Command-F12'>, but is only supported for system-provided menu items; will not be used
========================================================================
Worker process is ready to serve import requests
Refreshing native plugins compatible for Editor in 0.24 ms, found 2 plugins.
Preloading 0 native plugins for Editor in 0.00 ms.
Unloading 1504 Unused Serialized files (Serialized files now loaded: 0)
System memory in use before: 176.2 MB.
System memory in use after: 175.4 MB.

Unloading 80 unused Assets to reduce memory usage. Loaded Objects now: 1975.
Total: 2.356458 ms (FindLiveObjects: 0.080541 ms CreateObjectMapping: 0.028625 ms MarkObjects: 1.844167 ms  DeleteObjects: 0.402375 ms)

AssetImportParameters requested are different than current active one (requested -> active):
  custom:video-decoder-ogg-theora: a1e56fd34408186e4bbccfd4996cb3dc -> 
  custom:container-muxer-webm: aa71ff27fc2769a1b78a27578f13a17b -> 
  custom:container-demuxer-webm: 4f35f7cbe854078d1ac9338744f61a02 -> 
  custom:container-demuxer-ogg: 62fdf1f143b41e24485cea50d1cbac27 -> 
  custom:video-encoder-webm-vp8: eb34c28f22e8b96e1ab97ce403110664 -> 
  custom:framework-osx-AVFoundation: e770b220cccbd017edd2c1fefb359320 -> 
  custom:video-decoder-webm-vp8: 9c59270c3fd7afecdb556c50c9e8de78 -> 
  custom:audio-decoder-ogg-vorbis: bf7c407c2cedff20999df2af8eb42d56 -> 
  custom:audio-encoder-webm-vorbis: bf7c407c2cedff20999df2af8eb42d56 -> 
========================================================================
Received Import Request.
  path: Assets/Scenes
  artifactKey: Guid(ed7e94d6ba2664284a637d6c81a995a9) Importer(815301076,1909f56bfc062723c751e8b465ee728b)
Start importing Assets/Scenes using Guid(ed7e94d6ba2664284a637d6c81a995a9) Importer(815301076,1909f56bfc062723c751e8b465ee728b)  -> (artifact id: '622c43028eeaccbc3813206e124c0fa2') in 0.005510 seconds 
  Import took 0.007384 seconds .

========================================================================
Received Import Request.
  Time since last request: 0.000240 seconds.
  path: Assets/Scenes/SampleScene.unity
  artifactKey: Guid(9fc0d4010bbf28b4594072e72b8655ab) Importer(815301076,1909f56bfc062723c751e8b465ee728b)
Start importing Assets/Scenes/SampleScene.unity using Guid(9fc0d4010bbf28b4594072e72b8655ab) Importer(815301076,1909f56bfc062723c751e8b465ee728b)  -> (artifact id: '85059f4f9e1a832ed95adaa0d25c5c4c') in 0.013587 seconds 
  Import took 0.015338 seconds .

========================================================================
Received Import Request.
  Time since last request: 14.490810 seconds.
  path: Assets/Scenes/MiniGame.unity
  artifactKey: Guid(773d5313bc3e848b0b17b696c9986fcc) Importer(815301076,1909f56bfc062723c751e8b465ee728b)
Start importing Assets/Scenes/MiniGame.unity using Guid(773d5313bc3e848b0b17b696c9986fcc) Importer(815301076,1909f56bfc062723c751e8b465ee728b)  -> (artifact id: 'db37117edbaf508069dee603f75c9180') in 0.001909 seconds 
  Import took 0.003699 seconds .

========================================================================
Received Import Request.
  Time since last request: 169.977177 seconds.
  path: Assets
  artifactKey: Guid(00000000000000001000000000000000) Importer(815301076,1909f56bfc062723c751e8b465ee728b)
Start importing Assets using Guid(00000000000000001000000000000000) Importer(815301076,1909f56bfc062723c751e8b465ee728b)  -> (artifact id: '42d402b061de3733987d63b9cc3b64de') in 0.001129 seconds 
  Import took 0.003855 seconds .

========================================================================
Received Import Request.
  Time since last request: 15.248699 seconds.
  path: Assets/Mater
  artifactKey: Guid(92f2acff831304d919893cdbcb7d7886) Importer(815301076,1909f56bfc062723c751e8b465ee728b)
Start importing Assets/Mater using Guid(92f2acff831304d919893cdbcb7d7886) Importer(815301076,1909f56bfc062723c751e8b465ee728b)  -> (artifact id: '9eccecb8f2842a038f716b9546101be3') in 0.000896 seconds 
  Import took 0.003092 seconds .

========================================================================
Received Import Request.
  Time since last request: 2.230644 seconds.
  path: Assets/Materials
  artifactKey: Guid(92f2acff831304d919893cdbcb7d7886) Importer(815301076,1909f56bfc062723c751e8b465ee728b)
Start importing Assets/Materials using Guid(92f2acff831304d919893cdbcb7d7886) Importer(815301076,1909f56bfc062723c751e8b465ee728b)  -> (artifact id: '4d3c953fb92924fc2108f0c375ef7d96') in 0.000720 seconds 
  Import took 0.002815 seconds .

========================================================================
Received Import Request.
  Time since last request: 14.684361 seconds.
  path: Assets/Materials/New Material.mat
  artifactKey: Guid(2bb9fe39d7bd1441f8e98698e966dacb) Importer(815301076,1909f56bfc062723c751e8b465ee728b)
Start importing Assets/Materials/New Material.mat using Guid(2bb9fe39d7bd1441f8e98698e966dacb) Importer(815301076,1909f56bfc062723c751e8b465ee728b)  -> (artifact id: '0123d1347203b3461ced99c5397db09f') in 0.880112 seconds 
  Import took 0.883846 seconds .

========================================================================
Received Import Request.
  Time since last request: 6.431680 seconds.
  path: Assets/Materials/Background.mat
  artifactKey: Guid(2bb9fe39d7bd1441f8e98698e966dacb) Importer(815301076,1909f56bfc062723c751e8b465ee728b)
Start importing Assets/Materials/Background.mat using Guid(2bb9fe39d7bd1441f8e98698e966dacb) Importer(815301076,1909f56bfc062723c751e8b465ee728b)  -> (artifact id: '5c0096df78027ddcf7ed19ac2212e0db') in 0.016116 seconds 
  Import took 0.018850 seconds .

